<?xml version="1.0" encoding="UTF-8"?>
<!-- Generated by org.testng.reporters.JUnitReportReporter -->
<testsuite hostname="macbook-pro.local" failures="0" tests="2" name="IntegrationTests" time="3.493" errors="0" timestamp="2021-05-03T02:39:03 TRT" skipped="0">
  <testcase classname="IntegrationTests" name="get_clients_returns_200_with_java_language" time="2.495"/>
  <system-out/>
  <testcase classname="IntegrationTests" name="post_clients_returns_400_with_expected_parameters" time="0.998"/>
  <system-out/>
</testsuite> <!-- IntegrationTests -->
